<?xml version="1.0" encoding="UTF-8"?>
<testng-results ignored="0" total="1" passed="1" failed="0" skipped="0">
  <reporter-output>
  </reporter-output>
  <suite started-at="2024-09-25T13:00:07 IST" name="Default suite" finished-at="2024-09-25T13:00:34 IST" duration-ms="26888">
    <groups>
    </groups>
    <test started-at="2024-09-25T13:00:07 IST" name="Default test" finished-at="2024-09-25T13:00:34 IST" duration-ms="26888">
      <class name="com.cjc.JPetStoreTest">
        <test-method is-config="true" signature="open()[pri:0, instance:com.cjc.JPetStoreTest@53aac487]" started-at="2024-09-25T13:00:06 IST" name="open" finished-at="2024-09-25T13:00:07 IST" duration-ms="1583" status="PASS">
          <reporter-output>
          </reporter-output>
        </test-method> <!-- open -->
        <test-method is-config="true" signature="cook()[pri:0, instance:com.cjc.JPetStoreTest@53aac487]" started-at="2024-09-25T13:00:07 IST" name="cook" finished-at="2024-09-25T13:00:07 IST" duration-ms="1" status="PASS">
          <reporter-output>
          </reporter-output>
        </test-method> <!-- cook -->
        <test-method is-config="true" signature="enter()[pri:0, instance:com.cjc.JPetStoreTest@53aac487]" started-at="2024-09-25T13:00:07 IST" name="enter" finished-at="2024-09-25T13:00:08 IST" duration-ms="1076" status="PASS">
          <reporter-output>
          </reporter-output>
        </test-method> <!-- enter -->
        <test-method is-config="true" signature="max()[pri:0, instance:com.cjc.JPetStoreTest@53aac487]" started-at="2024-09-25T13:00:08 IST" name="max" finished-at="2024-09-25T13:00:08 IST" duration-ms="43" status="PASS">
          <reporter-output>
          </reporter-output>
        </test-method> <!-- max -->
        <test-method signature="accform()[pri:0, instance:com.cjc.JPetStoreTest@53aac487]" started-at="2024-09-25T13:00:08 IST" name="accform" finished-at="2024-09-25T13:00:32 IST" duration-ms="23576" status="PASS">
          <reporter-output>
          </reporter-output>
        </test-method> <!-- accform -->
        <test-method is-config="true" signature="captureSS()[pri:0, instance:com.cjc.JPetStoreTest@53aac487]" started-at="2024-09-25T13:00:32 IST" name="captureSS" finished-at="2024-09-25T13:00:34 IST" duration-ms="2160" status="PASS">
          <reporter-output>
          </reporter-output>
        </test-method> <!-- captureSS -->
        <test-method is-config="true" signature="deletecookies()[pri:0, instance:com.cjc.JPetStoreTest@53aac487]" started-at="2024-09-25T13:00:34 IST" name="deletecookies" finished-at="2024-09-25T13:00:34 IST" duration-ms="1" status="PASS">
          <reporter-output>
          </reporter-output>
        </test-method> <!-- deletecookies -->
        <test-method is-config="true" signature="db()[pri:0, instance:com.cjc.JPetStoreTest@53aac487]" started-at="2024-09-25T13:00:34 IST" name="db" finished-at="2024-09-25T13:00:34 IST" duration-ms="0" status="PASS">
          <reporter-output>
          </reporter-output>
        </test-method> <!-- db -->
        <test-method is-config="true" signature="closeB()[pri:0, instance:com.cjc.JPetStoreTest@53aac487]" started-at="2024-09-25T13:00:34 IST" name="closeB" finished-at="2024-09-25T13:00:34 IST" duration-ms="301" status="PASS">
          <reporter-output>
          </reporter-output>
        </test-method> <!-- closeB -->
      </class> <!-- com.cjc.JPetStoreTest -->
    </test> <!-- Default test -->
  </suite> <!-- Default suite -->
</testng-results>
